acquire: Lockid->1
acquire: New Lockid->1
acquire: Success acq Free Lockid->1
acquire: Lockid->1
1543460951515:	handler_mgr::get_handle trying to bind...127.0.0.1:23923
1543460951515:	handle_mgr::get_handle bind succeeded 127.0.0.1:23923
release: Lockid->1
release: Still Wait Member Lockid->1
1543460951515:	handler_mgr::get_handle trying to bind...127.0.0.1:17622
1543460951516:	handle_mgr::get_handle bind succeeded 127.0.0.1:17622
acquire: (Success revoke)Wait acq Busy Lockid->1
acquire: Lockid->1
acquire: Success acq Free Lockid->1
acquire: Lockid->1
release: Lockid->1
release: Still Wait Member Lockid->1
acquire: (Success revoke)Wait acq Busy Lockid->1
acquire: Lockid->1
acquire: Success acq Free Lockid->1
acquire: Lockid->2
acquire: New Lockid->2
acquire: Success acq Free Lockid->2
acquire: Lockid->1
release: Lockid->1
release: Still Wait Member Lockid->1
acquire: (Success revoke)Wait acq Busy Lockid->1
acquire: Lockid->1
acquire: Success acq Free Lockid->1
acquire: Lockid->3
acquire: New Lockid->3
acquire: Success acq Free Lockid->3
acquire: Lockid->2
release: Lockid->2
release: Still Wait Member Lockid->2
acquire: (Success revoke)Wait acq Busy Lockid->2
acquire: Lockid->2
acquire: Success acq Free Lockid->2
acquire: Lockid->1
release: Lockid->1
release: Still Wait Member Lockid->1
acquire: (Success revoke)Wait acq Busy Lockid->1
acquire: Lockid->1
acquire: Success acq Free Lockid->1
acquire: Lockid->1
acquire: (Success revoke)Wait acq Busy Lockid->1
release: Lockid->1
release: Still Wait Member Lockid->1
acquire: Lockid->2
acquire: Lockid->1
acquire: Success acq Free Lockid->1
release: Lockid->2
release: Still Wait Member Lockid->2
acquire: (Success revoke)Wait acq Busy Lockid->2
acquire: Lockid->2
acquire: Success acq Free Lockid->2
acquire: Lockid->4
acquire: New Lockid->4
acquire: Success acq Free Lockid->4
acquire: Lockid->5
acquire: New Lockid->5
acquire: Success acq Free Lockid->5
acquire: Lockid->6
acquire: New Lockid->6
acquire: Success acq Free Lockid->6
acquire: Lockid->7
acquire: New Lockid->7
acquire: Success acq Free Lockid->7
acquire: Lockid->8
acquire: New Lockid->8
acquire: Success acq Free Lockid->8
acquire: Lockid->9
acquire: New Lockid->9
acquire: Success acq Free Lockid->9
acquire: Lockid->10
acquire: New Lockid->10
acquire: Success acq Free Lockid->10
acquire: Lockid->11
acquire: New Lockid->11
acquire: Success acq Free Lockid->11
acquire: Lockid->12
acquire: New Lockid->12
acquire: Success acq Free Lockid->12
acquire: Lockid->13
acquire: New Lockid->13
acquire: Success acq Free Lockid->13
acquire: Lockid->14
acquire: New Lockid->14
acquire: Success acq Free Lockid->14
acquire: Lockid->15
acquire: New Lockid->15
acquire: Success acq Free Lockid->15
acquire: Lockid->16
acquire: New Lockid->16
acquire: Success acq Free Lockid->16
acquire: Lockid->17
acquire: New Lockid->17
acquire: Success acq Free Lockid->17
acquire: Lockid->18
acquire: New Lockid->18
acquire: Success acq Free Lockid->18
acquire: Lockid->19
acquire: New Lockid->19
acquire: Success acq Free Lockid->19
acquire: Lockid->20
acquire: New Lockid->20
acquire: Success acq Free Lockid->20
acquire: Lockid->21
acquire: New Lockid->21
acquire: Success acq Free Lockid->21
acquire: Lockid->22
acquire: New Lockid->22
acquire: Success acq Free Lockid->22
acquire: Lockid->23
acquire: New Lockid->23
acquire: Success acq Free Lockid->23
acquire: Lockid->24
acquire: New Lockid->24
acquire: Success acq Free Lockid->24
acquire: Lockid->25
acquire: New Lockid->25
acquire: Success acq Free Lockid->25
acquire: Lockid->26
acquire: New Lockid->26
acquire: Success acq Free Lockid->26
acquire: Lockid->27
acquire: New Lockid->27
acquire: Success acq Free Lockid->27
acquire: Lockid->28
acquire: New Lockid->28
acquire: Success acq Free Lockid->28
acquire: Lockid->29
acquire: New Lockid->29
acquire: Success acq Free Lockid->29
acquire: Lockid->30
acquire: New Lockid->30
acquire: Success acq Free Lockid->30
acquire: Lockid->31
acquire: New Lockid->31
acquire: Success acq Free Lockid->31
acquire: Lockid->1
release: Lockid->1
release: Still Wait Member Lockid->1
acquire: (Success revoke)Wait acq Busy Lockid->1
acquire: Lockid->1
acquire: Success acq Free Lockid->1
acquire: Lockid->1
acquire: (Success revoke)Wait acq Busy Lockid->1
release: Lockid->1
release: Still Wait Member Lockid->1
acquire: Lockid->1
acquire: Success acq Free Lockid->1
acquire: Lockid->32
acquire: New Lockid->32
acquire: Success acq Free Lockid->32
acquire: Lockid->1
acquire: (Success revoke)Wait acq Busy Lockid->1
release: Lockid->1
release: Still Wait Member Lockid->1
acquire: Lockid->1
acquire: Success acq Free Lockid->1
acquire: Lockid->33
acquire: New Lockid->33
acquire: Success acq Free Lockid->33
acquire: Lockid->34
acquire: New Lockid->34
acquire: Success acq Free Lockid->34
acquire: Lockid->35
acquire: New Lockid->35
acquire: Success acq Free Lockid->35
acquire: Lockid->1
release: Lockid->1
release: Still Wait Member Lockid->1
acquire: Lockid->1
acquire: Success acq Free Lockid->1
acquire: (Success revoke)Wait acq Busy Lockid->1
acquire: Lockid->1
acquire: (Success revoke)Wait acq Busy Lockid->1
release: Lockid->1
release: Still Wait Member Lockid->1
acquire: Lockid->1
acquire: Success acq Free Lockid->1
acquire: Lockid->36
acquire: New Lockid->36
acquire: Success acq Free Lockid->36
acquire: Lockid->37
acquire: New Lockid->37
acquire: Success acq Free Lockid->37
acquire: Lockid->1
release: Lockid->1
release: Still Wait Member Lockid->1
acquire: (Success revoke)Wait acq Busy Lockid->1
acquire: Lockid->1
acquire: Success acq Free Lockid->1
acquire: Lockid->1
acquire: (Success revoke)Wait acq Busy Lockid->1
release: Lockid->1
release: Still Wait Member Lockid->1
acquire: Lockid->1
acquire: Success acq Free Lockid->1
acquire: Lockid->38
acquire: New Lockid->38
acquire: Success acq Free Lockid->38
acquire: Lockid->39
acquire: New Lockid->39
acquire: Success acq Free Lockid->39
acquire: Lockid->1
release: Lockid->1
release: Still Wait Member Lockid->1
acquire: (Success revoke)Wait acq Busy Lockid->1
acquire: Lockid->1
acquire: Success acq Free Lockid->1
acquire: Lockid->1
release: Lockid->1
release: Still Wait Member Lockid->1
acquire: Lockid->40
acquire: New Lockid->40
acquire: Success acq Free Lockid->40
acquire: Lockid->1
acquire: Success acq Free Lockid->1
acquire: (Success revoke)Wait acq Busy Lockid->1
acquire: Lockid->1
acquire: (Success revoke)Wait acq Busy Lockid->1
release: Lockid->1
release: Still Wait Member Lockid->1
acquire: Lockid->1
acquire: Success acq Free Lockid->1
acquire: Lockid->41
acquire: New Lockid->41
acquire: Success acq Free Lockid->41
acquire: Lockid->42
acquire: New Lockid->42
acquire: Success acq Free Lockid->42
acquire: Lockid->43
acquire: New Lockid->43
acquire: Success acq Free Lockid->43
acquire: Lockid->44
acquire: New Lockid->44
acquire: Success acq Free Lockid->44
acquire: Lockid->45
acquire: New Lockid->45
acquire: Success acq Free Lockid->45
acquire: Lockid->46
acquire: New Lockid->46
acquire: Success acq Free Lockid->46
acquire: Lockid->47
acquire: New Lockid->47
acquire: Success acq Free Lockid->47
acquire: Lockid->48
acquire: New Lockid->48
acquire: Success acq Free Lockid->48
acquire: Lockid->49
acquire: New Lockid->49
acquire: Success acq Free Lockid->49
acquire: Lockid->50
acquire: New Lockid->50
acquire: Success acq Free Lockid->50
acquire: Lockid->51
acquire: New Lockid->51
acquire: Success acq Free Lockid->51
acquire: Lockid->52
acquire: New Lockid->52
acquire: Success acq Free Lockid->52
acquire: Lockid->53
acquire: New Lockid->53
acquire: Success acq Free Lockid->53
acquire: Lockid->54
acquire: New Lockid->54
acquire: Success acq Free Lockid->54
acquire: Lockid->55
acquire: New Lockid->55
acquire: Success acq Free Lockid->55
acquire: Lockid->56
acquire: New Lockid->56
acquire: Success acq Free Lockid->56
acquire: Lockid->57
acquire: New Lockid->57
acquire: Success acq Free Lockid->57
acquire: Lockid->58
acquire: New Lockid->58
acquire: Success acq Free Lockid->58
acquire: Lockid->59
acquire: New Lockid->59
acquire: Success acq Free Lockid->59
acquire: Lockid->60
acquire: New Lockid->60
acquire: Success acq Free Lockid->60
acquire: Lockid->61
acquire: New Lockid->61
acquire: Success acq Free Lockid->61
acquire: Lockid->62
acquire: New Lockid->62
acquire: Success acq Free Lockid->62
acquire: Lockid->63
acquire: New Lockid->63
acquire: Success acq Free Lockid->63
acquire: Lockid->64
acquire: New Lockid->64
acquire: Success acq Free Lockid->64
acquire: Lockid->65
acquire: New Lockid->65
acquire: Success acq Free Lockid->65
acquire: Lockid->66
acquire: New Lockid->66
acquire: Success acq Free Lockid->66
acquire: Lockid->67
acquire: New Lockid->67
acquire: Success acq Free Lockid->67
acquire: Lockid->68
acquire: New Lockid->68
acquire: Success acq Free Lockid->68
acquire: Lockid->69
acquire: New Lockid->69
acquire: Success acq Free Lockid->69
acquire: Lockid->70
acquire: New Lockid->70
acquire: Success acq Free Lockid->70
acquire: Lockid->71
acquire: New Lockid->71
acquire: Success acq Free Lockid->71
acquire: Lockid->72
acquire: New Lockid->72
acquire: Success acq Free Lockid->72
acquire: Lockid->73
acquire: New Lockid->73
acquire: Success acq Free Lockid->73
acquire: Lockid->74
acquire: New Lockid->74
acquire: Success acq Free Lockid->74
acquire: Lockid->75
acquire: New Lockid->75
acquire: Success acq Free Lockid->75
acquire: Lockid->76
acquire: New Lockid->76
acquire: Success acq Free Lockid->76
acquire: Lockid->77
acquire: New Lockid->77
acquire: Success acq Free Lockid->77
acquire: Lockid->78
acquire: New Lockid->78
acquire: Success acq Free Lockid->78
acquire: Lockid->79
acquire: New Lockid->79
acquire: Success acq Free Lockid->79
acquire: Lockid->80
acquire: New Lockid->80
acquire: Success acq Free Lockid->80
acquire: Lockid->81
acquire: New Lockid->81
acquire: Success acq Free Lockid->81
acquire: Lockid->82
acquire: New Lockid->82
acquire: Success acq Free Lockid->82
acquire: Lockid->83
acquire: New Lockid->83
acquire: Success acq Free Lockid->83
acquire: Lockid->84
acquire: New Lockid->84
acquire: Success acq Free Lockid->84
acquire: Lockid->85
acquire: New Lockid->85
acquire: Success acq Free Lockid->85
acquire: Lockid->86
acquire: New Lockid->86
acquire: Success acq Free Lockid->86
acquire: Lockid->87
acquire: New Lockid->87
acquire: Success acq Free Lockid->87
acquire: Lockid->88
acquire: New Lockid->88
acquire: Success acq Free Lockid->88
acquire: Lockid->89
acquire: New Lockid->89
acquire: Success acq Free Lockid->89
acquire: Lockid->90
acquire: New Lockid->90
acquire: Success acq Free Lockid->90
acquire: Lockid->91
acquire: New Lockid->91
acquire: Success acq Free Lockid->91
acquire: Lockid->92
acquire: New Lockid->92
acquire: Success acq Free Lockid->92
acquire: Lockid->93
acquire: New Lockid->93
acquire: Success acq Free Lockid->93
acquire: Lockid->94
acquire: New Lockid->94
acquire: Success acq Free Lockid->94
acquire: Lockid->95
acquire: New Lockid->95
acquire: Success acq Free Lockid->95
acquire: Lockid->96
acquire: New Lockid->96
acquire: Success acq Free Lockid->96
acquire: Lockid->97
acquire: New Lockid->97
acquire: Success acq Free Lockid->97
acquire: Lockid->98
acquire: New Lockid->98
acquire: Success acq Free Lockid->98
acquire: Lockid->99
acquire: New Lockid->99
acquire: Success acq Free Lockid->99
acquire: Lockid->100
acquire: New Lockid->100
acquire: Success acq Free Lockid->100
acquire: Lockid->101
acquire: New Lockid->101
acquire: Success acq Free Lockid->101
acquire: Lockid->102
acquire: New Lockid->102
acquire: Success acq Free Lockid->102
acquire: Lockid->103
acquire: New Lockid->103
acquire: Success acq Free Lockid->103
acquire: Lockid->104
acquire: New Lockid->104
acquire: Success acq Free Lockid->104
acquire: Lockid->105
acquire: New Lockid->105
acquire: Success acq Free Lockid->105
acquire: Lockid->1
release: Lockid->1
release: Still Wait Member Lockid->1
acquire: (Success revoke)Wait acq Busy Lockid->1
acquire: Lockid->1
acquire: Success acq Free Lockid->1
acquire: Lockid->106
acquire: New Lockid->106
acquire: Success acq Free Lockid->106
acquire: Lockid->107
acquire: New Lockid->107
acquire: Success acq Free Lockid->107
acquire: Lockid->108
acquire: New Lockid->108
acquire: Success acq Free Lockid->108
acquire: Lockid->109
acquire: New Lockid->109
acquire: Success acq Free Lockid->109
acquire: Lockid->110
acquire: New Lockid->110
acquire: Success acq Free Lockid->110
acquire: Lockid->111
acquire: New Lockid->111
acquire: Success acq Free Lockid->111
acquire: Lockid->1
release: Lockid->1
release: Still Wait Member Lockid->1
acquire: (Success revoke)Wait acq Busy Lockid->1
acquire: Lockid->1
acquire: Success acq Free Lockid->1
acquire: Lockid->4
release: Lockid->4
release: Still Wait Member Lockid->4
acquire: (Success revoke)Wait acq Busy Lockid->4
acquire: Lockid->4
acquire: Success acq Free Lockid->4
acquire: Lockid->5
release: Lockid->5
release: Still Wait Member Lockid->5
acquire: (Success revoke)Wait acq Busy Lockid->5
acquire: Lockid->5
acquire: Success acq Free Lockid->5
acquire: Lockid->6
release: Lockid->6
release: Still Wait Member Lockid->6
acquire: (Success revoke)Wait acq Busy Lockid->6
acquire: Lockid->6
acquire: Success acq Free Lockid->6
acquire: Lockid->7
release: Lockid->7
release: Still Wait Member Lockid->7
acquire: (Success revoke)Wait acq Busy Lockid->7
acquire: Lockid->7
acquire: Success acq Free Lockid->7
acquire: Lockid->8
release: Lockid->8
release: Still Wait Member Lockid->8
acquire: (Success revoke)Wait acq Busy Lockid->8
acquire: Lockid->8
acquire: Success acq Free Lockid->8
acquire: Lockid->9
release: Lockid->9
release: Still Wait Member Lockid->9
acquire: (Success revoke)Wait acq Busy Lockid->9
acquire: Lockid->9
acquire: Success acq Free Lockid->9
acquire: Lockid->10
release: Lockid->10
release: Still Wait Member Lockid->10
acquire: (Success revoke)Wait acq Busy Lockid->10
acquire: Lockid->10
acquire: Success acq Free Lockid->10
acquire: Lockid->11
release: Lockid->11
release: Still Wait Member Lockid->11
acquire: (Success revoke)Wait acq Busy Lockid->11
acquire: Lockid->11
acquire: Success acq Free Lockid->11
acquire: Lockid->12
release: Lockid->12
release: Still Wait Member Lockid->12
acquire: (Success revoke)Wait acq Busy Lockid->12
acquire: Lockid->12
acquire: Success acq Free Lockid->12
acquire: Lockid->13
release: Lockid->13
release: Still Wait Member Lockid->13
acquire: (Success revoke)Wait acq Busy Lockid->13
acquire: Lockid->13
acquire: Success acq Free Lockid->13
acquire: Lockid->14
release: Lockid->14
release: Still Wait Member Lockid->14
acquire: (Success revoke)Wait acq Busy Lockid->14
acquire: Lockid->14
acquire: Success acq Free Lockid->14
acquire: Lockid->15
release: Lockid->15
release: Still Wait Member Lockid->15
acquire: (Success revoke)Wait acq Busy Lockid->15
acquire: Lockid->15
acquire: Success acq Free Lockid->15
acquire: Lockid->16
release: Lockid->16
release: Still Wait Member Lockid->16
acquire: (Success revoke)Wait acq Busy Lockid->16
acquire: Lockid->16
acquire: Success acq Free Lockid->16
acquire: Lockid->17
release: Lockid->17
release: Still Wait Member Lockid->17
acquire: (Success revoke)Wait acq Busy Lockid->17
acquire: Lockid->17
acquire: Success acq Free Lockid->17
acquire: Lockid->18
release: Lockid->18
release: Still Wait Member Lockid->18
acquire: (Success revoke)Wait acq Busy Lockid->18
acquire: Lockid->18
acquire: Success acq Free Lockid->18
acquire: Lockid->19
release: Lockid->19
release: Still Wait Member Lockid->19
acquire: (Success revoke)Wait acq Busy Lockid->19
acquire: Lockid->19
acquire: Success acq Free Lockid->19
acquire: Lockid->20
release: Lockid->20
release: Still Wait Member Lockid->20
acquire: (Success revoke)Wait acq Busy Lockid->20
acquire: Lockid->20
acquire: Success acq Free Lockid->20
acquire: Lockid->21
release: Lockid->21
release: Still Wait Member Lockid->21
acquire: (Success revoke)Wait acq Busy Lockid->21
acquire: Lockid->21
acquire: Success acq Free Lockid->21
acquire: Lockid->22
release: Lockid->22
release: Still Wait Member Lockid->22
acquire: (Success revoke)Wait acq Busy Lockid->22
acquire: Lockid->22
acquire: Success acq Free Lockid->22
acquire: Lockid->23
release: Lockid->23
release: Still Wait Member Lockid->23
acquire: (Success revoke)Wait acq Busy Lockid->23
acquire: Lockid->23
acquire: Success acq Free Lockid->23
acquire: Lockid->24
release: Lockid->24
release: Still Wait Member Lockid->24
acquire: (Success revoke)Wait acq Busy Lockid->24
acquire: Lockid->24
acquire: Success acq Free Lockid->24
acquire: Lockid->25
release: Lockid->25
release: Still Wait Member Lockid->25
acquire: (Success revoke)Wait acq Busy Lockid->25
acquire: Lockid->25
acquire: Success acq Free Lockid->25
acquire: Lockid->26
release: Lockid->26
release: Still Wait Member Lockid->26
acquire: (Success revoke)Wait acq Busy Lockid->26
acquire: Lockid->26
acquire: Success acq Free Lockid->26
acquire: Lockid->27
release: Lockid->27
release: Still Wait Member Lockid->27
acquire: (Success revoke)Wait acq Busy Lockid->27
acquire: Lockid->27
acquire: Success acq Free Lockid->27
acquire: Lockid->28
release: Lockid->28
release: Still Wait Member Lockid->28
acquire: (Success revoke)Wait acq Busy Lockid->28
acquire: Lockid->28
acquire: Success acq Free Lockid->28
acquire: Lockid->29
release: Lockid->29
release: Still Wait Member Lockid->29
acquire: (Success revoke)Wait acq Busy Lockid->29
acquire: Lockid->29
acquire: Success acq Free Lockid->29
acquire: Lockid->30
release: Lockid->30
release: Still Wait Member Lockid->30
acquire: (Success revoke)Wait acq Busy Lockid->30
acquire: Lockid->30
acquire: Success acq Free Lockid->30
acquire: Lockid->34
release: Lockid->34
release: Still Wait Member Lockid->34
acquire: (Success revoke)Wait acq Busy Lockid->34
acquire: Lockid->34
acquire: Success acq Free Lockid->34
acquire: Lockid->37
release: Lockid->37
release: Still Wait Member Lockid->37
acquire: (Success revoke)Wait acq Busy Lockid->37
acquire: Lockid->37
acquire: Success acq Free Lockid->37
acquire: Lockid->39
release: Lockid->39
release: Still Wait Member Lockid->39
acquire: (Success revoke)Wait acq Busy Lockid->39
acquire: Lockid->39
acquire: Success acq Free Lockid->39
acquire: Lockid->41
release: Lockid->41
release: Still Wait Member Lockid->41
acquire: (Success revoke)Wait acq Busy Lockid->41
acquire: Lockid->41
acquire: Success acq Free Lockid->41
acquire: Lockid->42
release: Lockid->42
release: Still Wait Member Lockid->42
acquire: (Success revoke)Wait acq Busy Lockid->42
acquire: Lockid->42
acquire: Success acq Free Lockid->42
acquire: Lockid->43
release: Lockid->43
release: Still Wait Member Lockid->43
acquire: (Success revoke)Wait acq Busy Lockid->43
acquire: Lockid->43
acquire: Success acq Free Lockid->43
acquire: Lockid->44
release: Lockid->44
release: Still Wait Member Lockid->44
acquire: (Success revoke)Wait acq Busy Lockid->44
acquire: Lockid->44
acquire: Success acq Free Lockid->44
acquire: Lockid->45
release: Lockid->45
release: Still Wait Member Lockid->45
acquire: (Success revoke)Wait acq Busy Lockid->45
acquire: Lockid->45
acquire: Success acq Free Lockid->45
acquire: Lockid->46
release: Lockid->46
release: Still Wait Member Lockid->46
acquire: (Success revoke)Wait acq Busy Lockid->46
acquire: Lockid->46
acquire: Success acq Free Lockid->46
acquire: Lockid->47
release: Lockid->47
release: Still Wait Member Lockid->47
acquire: (Success revoke)Wait acq Busy Lockid->47
acquire: Lockid->47
acquire: Success acq Free Lockid->47
acquire: Lockid->48
release: Lockid->48
release: Still Wait Member Lockid->48
acquire: (Success revoke)Wait acq Busy Lockid->48
acquire: Lockid->48
acquire: Success acq Free Lockid->48
acquire: Lockid->49
release: Lockid->49
release: Still Wait Member Lockid->49
acquire: (Success revoke)Wait acq Busy Lockid->49
acquire: Lockid->49
acquire: Success acq Free Lockid->49
acquire: Lockid->50
release: Lockid->50
release: Still Wait Member Lockid->50
acquire: (Success revoke)Wait acq Busy Lockid->50
acquire: Lockid->50
acquire: Success acq Free Lockid->50
acquire: Lockid->51
release: Lockid->51
release: Still Wait Member Lockid->51
acquire: (Success revoke)Wait acq Busy Lockid->51
acquire: Lockid->51
acquire: Success acq Free Lockid->51
acquire: Lockid->52
release: Lockid->52
release: Still Wait Member Lockid->52
acquire: (Success revoke)Wait acq Busy Lockid->52
acquire: Lockid->52
acquire: Success acq Free Lockid->52
acquire: Lockid->53
release: Lockid->53
release: Still Wait Member Lockid->53
acquire: (Success revoke)Wait acq Busy Lockid->53
acquire: Lockid->53
acquire: Success acq Free Lockid->53
acquire: Lockid->54
release: Lockid->54
release: Still Wait Member Lockid->54
acquire: (Success revoke)Wait acq Busy Lockid->54
acquire: Lockid->54
acquire: Success acq Free Lockid->54
acquire: Lockid->55
release: Lockid->55
release: Still Wait Member Lockid->55
acquire: (Success revoke)Wait acq Busy Lockid->55
acquire: Lockid->55
acquire: Success acq Free Lockid->55
acquire: Lockid->56
release: Lockid->56
release: Still Wait Member Lockid->56
acquire: (Success revoke)Wait acq Busy Lockid->56
acquire: Lockid->56
acquire: Success acq Free Lockid->56
acquire: Lockid->57
release: Lockid->57
release: Still Wait Member Lockid->57
acquire: (Success revoke)Wait acq Busy Lockid->57
acquire: Lockid->57
acquire: Success acq Free Lockid->57
acquire: Lockid->58
release: Lockid->58
release: Still Wait Member Lockid->58
acquire: (Success revoke)Wait acq Busy Lockid->58
acquire: Lockid->58
acquire: Success acq Free Lockid->58
acquire: Lockid->59
release: Lockid->59
release: Still Wait Member Lockid->59
acquire: (Success revoke)Wait acq Busy Lockid->59
acquire: Lockid->59
acquire: Success acq Free Lockid->59
acquire: Lockid->60
release: Lockid->60
release: Still Wait Member Lockid->60
acquire: (Success revoke)Wait acq Busy Lockid->60
acquire: Lockid->60
acquire: Success acq Free Lockid->60
acquire: Lockid->61
release: Lockid->61
release: Still Wait Member Lockid->61
acquire: (Success revoke)Wait acq Busy Lockid->61
acquire: Lockid->61
acquire: Success acq Free Lockid->61
acquire: Lockid->62
release: Lockid->62
release: Still Wait Member Lockid->62
acquire: (Success revoke)Wait acq Busy Lockid->62
acquire: Lockid->62
acquire: Success acq Free Lockid->62
acquire: Lockid->63
release: Lockid->63
release: Still Wait Member Lockid->63
acquire: (Success revoke)Wait acq Busy Lockid->63
acquire: Lockid->63
acquire: Success acq Free Lockid->63
acquire: Lockid->64
release: Lockid->64
release: Still Wait Member Lockid->64
acquire: (Success revoke)Wait acq Busy Lockid->64
acquire: Lockid->64
acquire: Success acq Free Lockid->64
acquire: Lockid->65
release: Lockid->65
release: Still Wait Member Lockid->65
acquire: (Success revoke)Wait acq Busy Lockid->65
acquire: Lockid->65
acquire: Success acq Free Lockid->65
acquire: Lockid->67
release: Lockid->67
release: Still Wait Member Lockid->67
acquire: (Success revoke)Wait acq Busy Lockid->67
acquire: Lockid->67
acquire: Success acq Free Lockid->67
acquire: Lockid->68
release: Lockid->68
release: Still Wait Member Lockid->68
acquire: (Success revoke)Wait acq Busy Lockid->68
acquire: Lockid->68
acquire: Success acq Free Lockid->68
acquire: Lockid->69
release: Lockid->69
release: Still Wait Member Lockid->69
acquire: (Success revoke)Wait acq Busy Lockid->69
acquire: Lockid->69
acquire: Success acq Free Lockid->69
acquire: Lockid->70
release: Lockid->70
release: Still Wait Member Lockid->70
acquire: (Success revoke)Wait acq Busy Lockid->70
acquire: Lockid->70
acquire: Success acq Free Lockid->70
acquire: Lockid->71
release: Lockid->71
release: Still Wait Member Lockid->71
acquire: (Success revoke)Wait acq Busy Lockid->71
acquire: Lockid->71
acquire: Success acq Free Lockid->71
acquire: Lockid->72
release: Lockid->72
release: Still Wait Member Lockid->72
acquire: (Success revoke)Wait acq Busy Lockid->72
acquire: Lockid->72
acquire: Success acq Free Lockid->72
acquire: Lockid->73
release: Lockid->73
release: Still Wait Member Lockid->73
acquire: (Success revoke)Wait acq Busy Lockid->73
acquire: Lockid->73
acquire: Success acq Free Lockid->73
acquire: Lockid->74
release: Lockid->74
release: Still Wait Member Lockid->74
acquire: (Success revoke)Wait acq Busy Lockid->74
acquire: Lockid->74
acquire: Success acq Free Lockid->74
acquire: Lockid->75
release: Lockid->75
release: Still Wait Member Lockid->75
acquire: (Success revoke)Wait acq Busy Lockid->75
acquire: Lockid->75
acquire: Success acq Free Lockid->75
acquire: Lockid->76
release: Lockid->76
release: Still Wait Member Lockid->76
acquire: (Success revoke)Wait acq Busy Lockid->76
acquire: Lockid->76
acquire: Success acq Free Lockid->76
acquire: Lockid->77
release: Lockid->77
release: Still Wait Member Lockid->77
acquire: (Success revoke)Wait acq Busy Lockid->77
acquire: Lockid->77
acquire: Success acq Free Lockid->77
acquire: Lockid->78
release: Lockid->78
release: Still Wait Member Lockid->78
acquire: (Success revoke)Wait acq Busy Lockid->78
acquire: Lockid->78
acquire: Success acq Free Lockid->78
acquire: Lockid->79
release: Lockid->79
release: Still Wait Member Lockid->79
acquire: (Success revoke)Wait acq Busy Lockid->79
acquire: Lockid->79
acquire: Success acq Free Lockid->79
acquire: Lockid->80
release: Lockid->80
release: Still Wait Member Lockid->80
acquire: (Success revoke)Wait acq Busy Lockid->80
acquire: Lockid->80
acquire: Success acq Free Lockid->80
acquire: Lockid->81
release: Lockid->81
release: Still Wait Member Lockid->81
acquire: (Success revoke)Wait acq Busy Lockid->81
acquire: Lockid->81
acquire: Success acq Free Lockid->81
acquire: Lockid->82
release: Lockid->82
release: Still Wait Member Lockid->82
acquire: (Success revoke)Wait acq Busy Lockid->82
acquire: Lockid->82
acquire: Success acq Free Lockid->82
acquire: Lockid->83
release: Lockid->83
release: Still Wait Member Lockid->83
acquire: (Success revoke)Wait acq Busy Lockid->83
acquire: Lockid->83
acquire: Success acq Free Lockid->83
acquire: Lockid->84
release: Lockid->84
release: Still Wait Member Lockid->84
acquire: (Success revoke)Wait acq Busy Lockid->84
acquire: Lockid->84
acquire: Success acq Free Lockid->84
acquire: Lockid->85
release: Lockid->85
release: Still Wait Member Lockid->85
acquire: (Success revoke)Wait acq Busy Lockid->85
acquire: Lockid->85
acquire: Success acq Free Lockid->85
acquire: Lockid->86
release: Lockid->86
release: Still Wait Member Lockid->86
acquire: (Success revoke)Wait acq Busy Lockid->86
acquire: Lockid->86
acquire: Success acq Free Lockid->86
acquire: Lockid->87
release: Lockid->87
release: Still Wait Member Lockid->87
acquire: (Success revoke)Wait acq Busy Lockid->87
acquire: Lockid->87
acquire: Success acq Free Lockid->87
acquire: Lockid->88
release: Lockid->88
release: Still Wait Member Lockid->88
acquire: (Success revoke)Wait acq Busy Lockid->88
acquire: Lockid->88
acquire: Success acq Free Lockid->88
acquire: Lockid->89
release: Lockid->89
release: Still Wait Member Lockid->89
acquire: (Success revoke)Wait acq Busy Lockid->89
acquire: Lockid->89
acquire: Success acq Free Lockid->89
acquire: Lockid->90
release: Lockid->90
release: Still Wait Member Lockid->90
acquire: (Success revoke)Wait acq Busy Lockid->90
acquire: Lockid->90
acquire: Success acq Free Lockid->90
acquire: Lockid->91
release: Lockid->91
release: Still Wait Member Lockid->91
acquire: (Success revoke)Wait acq Busy Lockid->91
acquire: Lockid->91
acquire: Success acq Free Lockid->91
acquire: Lockid->92
release: Lockid->92
release: Still Wait Member Lockid->92
acquire: (Success revoke)Wait acq Busy Lockid->92
acquire: Lockid->92
acquire: Success acq Free Lockid->92
acquire: Lockid->93
release: Lockid->93
release: Still Wait Member Lockid->93
acquire: (Success revoke)Wait acq Busy Lockid->93
acquire: Lockid->93
acquire: Success acq Free Lockid->93
acquire: Lockid->94
release: Lockid->94
release: Still Wait Member Lockid->94
acquire: (Success revoke)Wait acq Busy Lockid->94
acquire: Lockid->94
acquire: Success acq Free Lockid->94
acquire: Lockid->95
release: Lockid->95
release: Still Wait Member Lockid->95
acquire: (Success revoke)Wait acq Busy Lockid->95
acquire: Lockid->95
acquire: Success acq Free Lockid->95
acquire: Lockid->96
release: Lockid->96
release: Still Wait Member Lockid->96
acquire: (Success revoke)Wait acq Busy Lockid->96
acquire: Lockid->96
acquire: Success acq Free Lockid->96
acquire: Lockid->97
release: Lockid->97
release: Still Wait Member Lockid->97
acquire: (Success revoke)Wait acq Busy Lockid->97
acquire: Lockid->97
acquire: Success acq Free Lockid->97
acquire: Lockid->98
release: Lockid->98
release: Still Wait Member Lockid->98
acquire: (Success revoke)Wait acq Busy Lockid->98
acquire: Lockid->98
acquire: Success acq Free Lockid->98
acquire: Lockid->99
release: Lockid->99
release: Still Wait Member Lockid->99
acquire: (Success revoke)Wait acq Busy Lockid->99
acquire: Lockid->99
acquire: Success acq Free Lockid->99
acquire: Lockid->100
release: Lockid->100
release: Still Wait Member Lockid->100
acquire: (Success revoke)Wait acq Busy Lockid->100
acquire: Lockid->100
acquire: Success acq Free Lockid->100
acquire: Lockid->101
release: Lockid->101
release: Still Wait Member Lockid->101
acquire: (Success revoke)Wait acq Busy Lockid->101
acquire: Lockid->101
acquire: Success acq Free Lockid->101
acquire: Lockid->102
release: Lockid->102
release: Still Wait Member Lockid->102
acquire: (Success revoke)Wait acq Busy Lockid->102
acquire: Lockid->102
acquire: Success acq Free Lockid->102
acquire: Lockid->103
release: Lockid->103
release: Still Wait Member Lockid->103
acquire: (Success revoke)Wait acq Busy Lockid->103
acquire: Lockid->103
acquire: Success acq Free Lockid->103
acquire: Lockid->1
release: Lockid->1
release: Still Wait Member Lockid->1
acquire: (Success revoke)Wait acq Busy Lockid->1
acquire: Lockid->1
acquire: Success acq Free Lockid->1
